0 info it worked if it ends with ok
1 verbose cli [ '/Users/vstavenko/projects/emsdk/node/4.1.1_64bit/bin/node',
1 verbose cli   '/Users/vstavenko/projects/emsdk/node/4.1.1_64bit/bin/npm',
1 verbose cli   'i' ]
2 info using npm@2.14.4
3 info using node@v4.1.1
4 verbose readDependencies loading dependencies from /Users/vstavenko/my-configs/package.json
5 error install Couldn't read dependencies
6 verbose stack Error: ENOENT: no such file or directory, open '/Users/vstavenko/my-configs/package.json'
6 verbose stack     at Error (native)
7 verbose cwd /Users/vstavenko/my-configs
8 error Darwin 16.7.0
9 error argv "/Users/vstavenko/projects/emsdk/node/4.1.1_64bit/bin/node" "/Users/vstavenko/projects/emsdk/node/4.1.1_64bit/bin/npm" "i"
10 error node v4.1.1
11 error npm  v2.14.4
12 error path /Users/vstavenko/my-configs/package.json
13 error code ENOPACKAGEJSON
14 error errno -2
15 error syscall open
16 error package.json ENOENT: no such file or directory, open '/Users/vstavenko/my-configs/package.json'
16 error package.json This is most likely not a problem with npm itself.
16 error package.json npm can't find a package.json file in your current directory.
17 verbose exit [ -2, true ]
